STEP to UG
! INFO-     NX STEP AP203 - V10.0
! INFO-      
! INFO-     Start of Translation: 14-DEC-2017  7:21:24 PM
! INFO-      
! STATUS-   Converting Part: C:\Users\jsk_t\Desktop\head\zed_camera.stp
! SUMMARY-   
! SUMMARY-    STEP Header Information
! SUMMARY-   
! SUMMARY-  Description      Unknown
! SUMMARY-  Imp_Level        2;1
! SUMMARY-  File_Name        C:\Users\ohmori\Downloads\zed_camera.stp
! SUMMARY-  Date             2017-12-07T19:33:50-05:00
! SUMMARY-  Author           ohmori
! SUMMARY-  Organization     Unknown
! SUMMARY-  Pre_Version      ST-DEVELOPER v16.13
! SUMMARY-  Orig_System      Autodesk Inventor 2018
! SUMMARY-  Authorization    Unknown
! SUMMARY-  Schema_ID        automotive_design
! SUMMARY-   
! SUMMARY-    Summary of STEP Entities
! SUMMARY-   
! SUMMARY-  Entity Type                                                   Count
! SUMMARY-  -----------                                                   ------
! SUMMARY-  advanced_brep_shape_representation .........................:      1
! SUMMARY-  advanced_face ..............................................:     20
! SUMMARY-  application_context ........................................:      1
! SUMMARY-  application_protocol_definition ............................:      1
! SUMMARY-  axis2_placement_3d .........................................:     37
! SUMMARY-  b_spline_curve_with_knots ..................................:      8
! SUMMARY-  calendar_date ..............................................:      1
! SUMMARY-  cartesian_point ............................................:    265
! SUMMARY-  circle .....................................................:     16
! SUMMARY-  closed_shell ...............................................:      1
! SUMMARY-  conical_surface ............................................:      2
! SUMMARY-  coordinated_universal_time_offset ..........................:      1
! SUMMARY-  cylindrical_surface ........................................:      7
! SUMMARY-  date_and_time ..............................................:      1
! SUMMARY-  date_time_role .............................................:      1
! SUMMARY-  direction ..................................................:     80
! SUMMARY-  edge_curve .................................................:     30
! SUMMARY-  edge_loop ..................................................:     30
! SUMMARY-  face_bound .................................................:     10
! SUMMARY-  face_outer_bound ...........................................:     20
! SUMMARY-  geometric_representation_context_and_global_uncertainty_a ..:      2
! SUMMARY-  length_unit_and_si_unit ....................................:      2
! SUMMARY-  line .......................................................:      6
! SUMMARY-  local_time .................................................:      1
! SUMMARY-  manifold_solid_brep ........................................:      1
! SUMMARY-  mass_unit ..................................................:      1
! SUMMARY-  oriented_edge ..............................................:     60
! SUMMARY-  plane ......................................................:      9
! SUMMARY-  plane_angle_unit_and_si_unit ...............................:      1
! SUMMARY-  product ....................................................:      1
! SUMMARY-  product_context ............................................:      1
! SUMMARY-  product_definition .........................................:      1
! SUMMARY-  product_definition_context .................................:      1
! SUMMARY-  product_definition_formation ...............................:      1
! SUMMARY-  product_definition_shape ...................................:      1
! SUMMARY-  product_related_product_category ...........................:      1
! SUMMARY-  property_definition ........................................:      2
! SUMMARY-  property_definition_representation .........................:      2
! SUMMARY-  representation .............................................:      2
! SUMMARY-  shape_definition_representation ............................:      1
! SUMMARY-  shape_representation .......................................:      1
! SUMMARY-  shape_representation_relationship ..........................:      1
! SUMMARY-  si_unit_and_solid_angle_unit ...............................:      1
! SUMMARY-  toroidal_surface ...........................................:      2
! SUMMARY-  uncertainty_measure_with_unit ..............................:      2
! SUMMARY-  vector .....................................................:      6
! SUMMARY-  vertex_point ...............................................:     22
! SUMMARY-                                                               -------
! SUMMARY-  Total                                                            665
! STATUS-    
! STATUS-   Converting to Output Form (Phase 2 of 3): 14-DEC-2017 7:21:24 PM
! STATUS-    
! STATUS-    
! STATUS-   Generating UG geometry and placing them in parts
! STATUS-    
! STATUS-   Creating the UG part (Phase 3 of 3): 14-DEC-2017  7:21:24 PM
! STATUS-    
! STATUS-   Creating UG solid body from Input Ent Id 13
! STATUS-    
! STATUS-   simplifying Bsplines to analytics
! STATUS-    
! STATUS-   converting tolerant edges into exact edges
! STATUS-    
! STATUS-   doing final check of body to report any faults
! STATUS-    
! INFO-     Filing Part ..: C:\Users\jsk_t\Desktop\head\zed_camera_stp.prt
! SUMMARY-   
! SUMMARY-  Summary of Unigraphics Part Entities
! SUMMARY-   
! SUMMARY-  Entities Processed             Count
! SUMMARY-  ------------------             -----
! SUMMARY-  Solid .......................:     1
! SUMMARY-                                 -----
! SUMMARY-  Total                              1
! INFO-      
! INFO-     Total number of solids input for this translation       :         1
! INFO-      
! INFO-     Number of solids created without body validation faults :         1
! INFO-      
! INFO-     Number of solids created with body validation fault(s)  :         0
! INFO-      
! INFO-     Number of solids ending up as sheet bodies              :         0
! INFO-      
! INFO-     End of Translation: 14-DEC-2017  7:21:25 PM
! INFO-      
